<?xml version="1.0" encoding="UTF-8"?>
<testng-results skipped="0" failed="0" total="0" passed="0">
    <reporter-output>
    </reporter-output>
    <suite name="Default suite" duration-ms="8" started-at="2015-10-22T16:04:40Z" finished-at="2015-10-22T16:04:40Z">
        <groups>
        </groups>
        <test name="Default test" duration-ms="8" started-at="2015-10-22T16:04:40Z" finished-at="2015-10-22T16:04:40Z">
        </test> <!-- Default test -->
    </suite> <!-- Default suite -->
</testng-results>
